2023-04-24 17:54:06.889  INFO 10352 --- [restartedMain] c.e.M.MlapirmqIntegrationApplication     : Starting MlapirmqIntegrationApplication using Java 1.8.0_231 on INEICP-COE-L139 with PID 10352 (C:\DATA\AlarmReduction\connectedPlusAPI\target\classes started by E1318047 in C:\DATA\AlarmReduction\connectedPlusAPI)
2023-04-24 17:54:06.906  INFO 10352 --- [restartedMain] c.e.M.MlapirmqIntegrationApplication     : No active profile set, falling back to default profiles: default
2023-04-24 17:54:06.971  INFO 10352 --- [restartedMain] .e.DevToolsPropertyDefaultsPostProcessor : Devtools property defaults active! Set 'spring.devtools.add-properties' to 'false' to disable
2023-04-24 17:54:06.972  INFO 10352 --- [restartedMain] .e.DevToolsPropertyDefaultsPostProcessor : For additional web related logging consider setting the 'logging.level.web' property to 'DEBUG'
2023-04-24 17:54:08.123  INFO 10352 --- [restartedMain] ptablePropertiesBeanFactoryPostProcessor : Post-processing PropertySource instances
2023-04-24 17:54:08.158  INFO 10352 --- [restartedMain] c.u.j.EncryptablePropertySourceConverter : Converting PropertySource configurationProperties [org.springframework.boot.context.properties.source.ConfigurationPropertySourcesPropertySource] to AOP Proxy
2023-04-24 17:54:08.160  INFO 10352 --- [restartedMain] c.u.j.EncryptablePropertySourceConverter : Converting PropertySource servletConfigInitParams [org.springframework.core.env.PropertySource$StubPropertySource] to EncryptablePropertySourceWrapper
2023-04-24 17:54:08.161  INFO 10352 --- [restartedMain] c.u.j.EncryptablePropertySourceConverter : Converting PropertySource servletContextInitParams [org.springframework.core.env.PropertySource$StubPropertySource] to EncryptablePropertySourceWrapper
2023-04-24 17:54:08.161  INFO 10352 --- [restartedMain] c.u.j.EncryptablePropertySourceConverter : Converting PropertySource systemProperties [org.springframework.core.env.PropertiesPropertySource] to EncryptableMapPropertySourceWrapper
2023-04-24 17:54:08.162  INFO 10352 --- [restartedMain] c.u.j.EncryptablePropertySourceConverter : Converting PropertySource systemEnvironment [org.springframework.boot.env.SystemEnvironmentPropertySourceEnvironmentPostProcessor$OriginAwareSystemEnvironmentPropertySource] to EncryptableSystemEnvironmentPropertySourceWrapper
2023-04-24 17:54:08.162  INFO 10352 --- [restartedMain] c.u.j.EncryptablePropertySourceConverter : Converting PropertySource random [org.springframework.boot.env.RandomValuePropertySource] to EncryptablePropertySourceWrapper
2023-04-24 17:54:08.162  INFO 10352 --- [restartedMain] c.u.j.EncryptablePropertySourceConverter : Converting PropertySource Config resource 'class path resource [application.properties]' via location 'optional:classpath:/' [org.springframework.boot.env.OriginTrackedMapPropertySource] to EncryptableMapPropertySourceWrapper
2023-04-24 17:54:08.162  INFO 10352 --- [restartedMain] c.u.j.EncryptablePropertySourceConverter : Converting PropertySource devtools [org.springframework.core.env.MapPropertySource] to EncryptableMapPropertySourceWrapper
2023-04-24 17:54:08.215  INFO 10352 --- [restartedMain] c.u.j.filter.DefaultLazyPropertyFilter   : Property Filter custom Bean not found with name 'encryptablePropertyFilter'. Initializing Default Property Filter
2023-04-24 17:54:08.393  INFO 10352 --- [restartedMain] c.u.j.r.DefaultLazyPropertyResolver      : Property Resolver custom Bean not found with name 'encryptablePropertyResolver'. Initializing Default Property Resolver
2023-04-24 17:54:08.395  INFO 10352 --- [restartedMain] c.u.j.d.DefaultLazyPropertyDetector      : Property Detector custom Bean not found with name 'encryptablePropertyDetector'. Initializing Default Property Detector
2023-04-24 17:54:09.849  INFO 10352 --- [restartedMain] o.s.b.w.embedded.tomcat.TomcatWebServer  : Tomcat initialized with port(s): 9103 (http)
2023-04-24 17:54:09.890  INFO 10352 --- [restartedMain] o.apache.catalina.core.StandardService   : Starting service [Tomcat]
2023-04-24 17:54:09.891  INFO 10352 --- [restartedMain] org.apache.catalina.core.StandardEngine  : Starting Servlet engine: [Apache Tomcat/9.0.53]
2023-04-24 17:54:10.201  INFO 10352 --- [restartedMain] o.a.c.c.C.[.[.[/dataGenerationApi]       : Initializing Spring embedded WebApplicationContext
2023-04-24 17:54:10.202  INFO 10352 --- [restartedMain] w.s.c.ServletWebServerApplicationContext : Root WebApplicationContext: initialization completed in 3230 ms
2023-04-24 17:54:15.827  INFO 10352 --- [restartedMain] o.s.b.d.a.OptionalLiveReloadServer       : LiveReload server is running on port 35729
2023-04-24 17:54:16.067  INFO 10352 --- [restartedMain] o.s.b.w.embedded.tomcat.TomcatWebServer  : Tomcat started on port(s): 9103 (http) with context path '/dataGenerationApi'
2023-04-24 17:54:16.079  INFO 10352 --- [restartedMain] o.s.a.r.c.CachingConnectionFactory       : Attempting to connect to: [localhost:5672]
2023-04-24 17:54:16.357  INFO 10352 --- [restartedMain] o.s.a.r.c.CachingConnectionFactory       : Created new connection: rabbitConnectionFactory#393ddbe1:0/SimpleConnection@582bb38d [delegate=amqp://mqadmin@127.0.0.1:5672/, localPort= 63455]
2023-04-24 17:54:16.671  INFO 10352 --- [org.springframework.amqp.rabbit.RabbitListenerEndpointContainer#2-3] c.e.M.MlapirmqIntegrationApplication     : dynamic logProcess: {"Message":"Success in getting all details for given site","customer_name":"WOOLWORTHS","site_id":487117,"point_id":7832923,"app_instance":1956292,"last_time":0,"number":26,"alarm_id":861725894}
2023-04-24 17:54:16.671  INFO 10352 --- [org.springframework.amqp.rabbit.RabbitListenerEndpointContainer#2-4] c.e.M.MlapirmqIntegrationApplication     : dynamic logProcess: {"Message":"Success in getting all details for given site","customer_name":"WOOLWORTHS","site_id":487117,"point_id":7832923,"app_instance":1956292,"last_time":0,"number":27,"alarm_id":861725894}
2023-04-24 17:54:16.671  INFO 10352 --- [org.springframework.amqp.rabbit.RabbitListenerEndpointContainer#2-1] c.e.M.MlapirmqIntegrationApplication     : dynamic logProcess: {"Message":"Success in getting all details for given site","customer_name":"WOOLWORTHS","site_id":487117,"point_id":7832923,"app_instance":1956292,"last_time":0,"number":20,"alarm_id":861725894}
2023-04-24 17:54:16.671  INFO 10352 --- [org.springframework.amqp.rabbit.RabbitListenerEndpointContainer#2-5] c.e.M.MlapirmqIntegrationApplication     : dynamic logProcess: {"Message":"Success in getting all details for given site","customer_name":"WOOLWORTHS","site_id":487117,"point_id":7832923,"app_instance":1956292,"last_time":0,"number":28,"alarm_id":861725894}
2023-04-24 17:54:16.671  INFO 10352 --- [org.springframework.amqp.rabbit.RabbitListenerEndpointContainer#2-2] c.e.M.MlapirmqIntegrationApplication     : dynamic logProcess: {"Message":"Success in getting all details for given site","customer_name":"WOOLWORTHS","site_id":487117,"point_id":7832923,"app_instance":1956292,"last_time":0,"number":25,"alarm_id":861725894}
2023-04-24 17:54:16.685  INFO 10352 --- [org.springframework.amqp.rabbit.RabbitListenerEndpointContainer#2-3] c.e.service.ControllerLimitService       : services method dynamicLogsAPi
2023-04-24 17:54:16.685  INFO 10352 --- [org.springframework.amqp.rabbit.RabbitListenerEndpointContainer#2-2] c.e.service.ControllerLimitService       : services method dynamicLogsAPi
2023-04-24 17:54:16.685  INFO 10352 --- [org.springframework.amqp.rabbit.RabbitListenerEndpointContainer#2-1] c.e.service.ControllerLimitService       : services method dynamicLogsAPi
2023-04-24 17:54:16.686  INFO 10352 --- [org.springframework.amqp.rabbit.RabbitListenerEndpointContainer#2-4] c.e.service.ControllerLimitService       : services method dynamicLogsAPi
2023-04-24 17:54:16.685  INFO 10352 --- [org.springframework.amqp.rabbit.RabbitListenerEndpointContainer#2-5] c.e.service.ControllerLimitService       : services method dynamicLogsAPi
2023-04-24 17:54:16.706  INFO 10352 --- [restartedMain] c.e.M.MlapirmqIntegrationApplication     : Started MlapirmqIntegrationApplication in 10.391 seconds (JVM running for 11.1)
2023-04-24 18:05:44.381  INFO 8260 --- [restartedMain] c.e.M.MlapirmqIntegrationApplication     : Starting MlapirmqIntegrationApplication using Java 1.8.0_231 on INEICP-COE-L139 with PID 8260 (C:\DATA\AlarmReduction\connectedPlusAPI\target\classes started by E1318047 in C:\DATA\AlarmReduction\connectedPlusAPI)
2023-04-24 18:05:44.387  INFO 8260 --- [restartedMain] c.e.M.MlapirmqIntegrationApplication     : No active profile set, falling back to default profiles: default
2023-04-24 18:05:44.494  INFO 8260 --- [restartedMain] .e.DevToolsPropertyDefaultsPostProcessor : Devtools property defaults active! Set 'spring.devtools.add-properties' to 'false' to disable
2023-04-24 18:05:44.495  INFO 8260 --- [restartedMain] .e.DevToolsPropertyDefaultsPostProcessor : For additional web related logging consider setting the 'logging.level.web' property to 'DEBUG'
2023-04-24 18:05:45.665  INFO 8260 --- [restartedMain] ptablePropertiesBeanFactoryPostProcessor : Post-processing PropertySource instances
2023-04-24 18:05:45.694  INFO 8260 --- [restartedMain] c.u.j.EncryptablePropertySourceConverter : Converting PropertySource configurationProperties [org.springframework.boot.context.properties.source.ConfigurationPropertySourcesPropertySource] to AOP Proxy
2023-04-24 18:05:45.696  INFO 8260 --- [restartedMain] c.u.j.EncryptablePropertySourceConverter : Converting PropertySource servletConfigInitParams [org.springframework.core.env.PropertySource$StubPropertySource] to EncryptablePropertySourceWrapper
2023-04-24 18:05:45.696  INFO 8260 --- [restartedMain] c.u.j.EncryptablePropertySourceConverter : Converting PropertySource servletContextInitParams [org.springframework.core.env.PropertySource$StubPropertySource] to EncryptablePropertySourceWrapper
2023-04-24 18:05:45.696  INFO 8260 --- [restartedMain] c.u.j.EncryptablePropertySourceConverter : Converting PropertySource systemProperties [org.springframework.core.env.PropertiesPropertySource] to EncryptableMapPropertySourceWrapper
2023-04-24 18:05:45.696  INFO 8260 --- [restartedMain] c.u.j.EncryptablePropertySourceConverter : Converting PropertySource systemEnvironment [org.springframework.boot.env.SystemEnvironmentPropertySourceEnvironmentPostProcessor$OriginAwareSystemEnvironmentPropertySource] to EncryptableSystemEnvironmentPropertySourceWrapper
2023-04-24 18:05:45.696  INFO 8260 --- [restartedMain] c.u.j.EncryptablePropertySourceConverter : Converting PropertySource random [org.springframework.boot.env.RandomValuePropertySource] to EncryptablePropertySourceWrapper
2023-04-24 18:05:45.696  INFO 8260 --- [restartedMain] c.u.j.EncryptablePropertySourceConverter : Converting PropertySource Config resource 'class path resource [application.properties]' via location 'optional:classpath:/' [org.springframework.boot.env.OriginTrackedMapPropertySource] to EncryptableMapPropertySourceWrapper
2023-04-24 18:05:45.696  INFO 8260 --- [restartedMain] c.u.j.EncryptablePropertySourceConverter : Converting PropertySource devtools [org.springframework.core.env.MapPropertySource] to EncryptableMapPropertySourceWrapper
2023-04-24 18:05:45.741  INFO 8260 --- [restartedMain] c.u.j.filter.DefaultLazyPropertyFilter   : Property Filter custom Bean not found with name 'encryptablePropertyFilter'. Initializing Default Property Filter
2023-04-24 18:05:45.876  INFO 8260 --- [restartedMain] c.u.j.r.DefaultLazyPropertyResolver      : Property Resolver custom Bean not found with name 'encryptablePropertyResolver'. Initializing Default Property Resolver
2023-04-24 18:05:45.878  INFO 8260 --- [restartedMain] c.u.j.d.DefaultLazyPropertyDetector      : Property Detector custom Bean not found with name 'encryptablePropertyDetector'. Initializing Default Property Detector
2023-04-24 18:05:46.498  INFO 8260 --- [restartedMain] o.s.b.w.embedded.tomcat.TomcatWebServer  : Tomcat initialized with port(s): 9103 (http)
2023-04-24 18:05:46.511  INFO 8260 --- [restartedMain] o.apache.catalina.core.StandardService   : Starting service [Tomcat]
2023-04-24 18:05:46.511  INFO 8260 --- [restartedMain] org.apache.catalina.core.StandardEngine  : Starting Servlet engine: [Apache Tomcat/9.0.53]
2023-04-24 18:05:46.602  INFO 8260 --- [restartedMain] o.a.c.c.C.[.[.[/DollerGeneralDynamicApi] : Initializing Spring embedded WebApplicationContext
2023-04-24 18:05:46.603  INFO 8260 --- [restartedMain] w.s.c.ServletWebServerApplicationContext : Root WebApplicationContext: initialization completed in 2107 ms
2023-04-24 18:05:48.590  INFO 8260 --- [restartedMain] o.s.b.d.a.OptionalLiveReloadServer       : LiveReload server is running on port 35729
2023-04-24 18:05:48.675  INFO 8260 --- [restartedMain] o.s.b.w.embedded.tomcat.TomcatWebServer  : Tomcat started on port(s): 9103 (http) with context path '/DollerGeneralDynamicApi'
2023-04-24 18:05:48.678  INFO 8260 --- [restartedMain] o.s.a.r.c.CachingConnectionFactory       : Attempting to connect to: [localhost:5672]
2023-04-24 18:05:48.788  INFO 8260 --- [restartedMain] o.s.a.r.c.CachingConnectionFactory       : Created new connection: rabbitConnectionFactory#a96ced6:0/SimpleConnection@5788ce0d [delegate=amqp://mqadmin@127.0.0.1:5672/, localPort= 63550]
2023-04-24 18:05:48.916  INFO 8260 --- [org.springframework.amqp.rabbit.RabbitListenerEndpointContainer#2-5] c.e.M.MlapirmqIntegrationApplication     : dynamic logProcess: {"Message":"Success in getting all details for given site","customer_name":"WOOLWORTHS","site_id":487117,"point_id":7832923,"app_instance":1956292,"last_time":0,"number":28,"alarm_id":861725894}
2023-04-24 18:05:48.916  INFO 8260 --- [org.springframework.amqp.rabbit.RabbitListenerEndpointContainer#2-2] c.e.M.MlapirmqIntegrationApplication     : dynamic logProcess: {"Message":"Success in getting all details for given site","customer_name":"WOOLWORTHS","site_id":487117,"point_id":7832923,"app_instance":1956292,"last_time":0,"number":25,"alarm_id":861725894}
2023-04-24 18:05:48.916  INFO 8260 --- [org.springframework.amqp.rabbit.RabbitListenerEndpointContainer#2-4] c.e.M.MlapirmqIntegrationApplication     : dynamic logProcess: {"Message":"Success in getting all details for given site","customer_name":"WOOLWORTHS","site_id":487117,"point_id":7832923,"app_instance":1956292,"last_time":0,"number":26,"alarm_id":861725894}
2023-04-24 18:05:48.916  INFO 8260 --- [org.springframework.amqp.rabbit.RabbitListenerEndpointContainer#2-3] c.e.M.MlapirmqIntegrationApplication     : dynamic logProcess: {"Message":"Success in getting all details for given site","customer_name":"WOOLWORTHS","site_id":487117,"point_id":7832923,"app_instance":1956292,"last_time":0,"number":27,"alarm_id":861725894}
2023-04-24 18:05:48.916  INFO 8260 --- [org.springframework.amqp.rabbit.RabbitListenerEndpointContainer#2-1] c.e.M.MlapirmqIntegrationApplication     : dynamic logProcess: {"Message":"Success in getting all details for given site","customer_name":"WOOLWORTHS","site_id":487117,"point_id":7832923,"app_instance":1956292,"last_time":0,"number":20,"alarm_id":861725894}
2023-04-24 18:05:48.922  INFO 8260 --- [org.springframework.amqp.rabbit.RabbitListenerEndpointContainer#2-1] c.e.service.ControllerLimitService       : services method dynamicLogsAPi
2023-04-24 18:05:48.922  INFO 8260 --- [org.springframework.amqp.rabbit.RabbitListenerEndpointContainer#2-2] c.e.service.ControllerLimitService       : services method dynamicLogsAPi
2023-04-24 18:05:48.922  INFO 8260 --- [org.springframework.amqp.rabbit.RabbitListenerEndpointContainer#2-4] c.e.service.ControllerLimitService       : services method dynamicLogsAPi
2023-04-24 18:05:48.922  INFO 8260 --- [org.springframework.amqp.rabbit.RabbitListenerEndpointContainer#2-5] c.e.service.ControllerLimitService       : services method dynamicLogsAPi
2023-04-24 18:05:48.923  INFO 8260 --- [org.springframework.amqp.rabbit.RabbitListenerEndpointContainer#2-3] c.e.service.ControllerLimitService       : services method dynamicLogsAPi
2023-04-24 18:05:48.925  INFO 8260 --- [restartedMain] c.e.M.MlapirmqIntegrationApplication     : Started MlapirmqIntegrationApplication in 5.267 seconds (JVM running for 6.183)
