2024-07-02 17:18:17.334  INFO 3100 --- [restartedMain] c.e.M.MlapirmqIntegrationApplication     : Starting MlapirmqIntegrationApplication using Java 1.8.0_231 on INEICP-COE-L139 with PID 3100 (C:\DATA\AlarmReduction\DollerGeneral\connectedPlusAPI\target\classes started by E1318047 in C:\DATA\AlarmReduction\DollerGeneral\connectedPlusAPI)
2024-07-02 17:18:17.364  INFO 3100 --- [restartedMain] c.e.M.MlapirmqIntegrationApplication     : No active profile set, falling back to default profiles: default
2024-07-02 17:18:17.500  INFO 3100 --- [restartedMain] .e.DevToolsPropertyDefaultsPostProcessor : Devtools property defaults active! Set 'spring.devtools.add-properties' to 'false' to disable
2024-07-02 17:18:17.502  INFO 3100 --- [restartedMain] .e.DevToolsPropertyDefaultsPostProcessor : For additional web related logging consider setting the 'logging.level.web' property to 'DEBUG'
2024-07-02 17:18:19.378  INFO 3100 --- [restartedMain] ptablePropertiesBeanFactoryPostProcessor : Post-processing PropertySource instances
2024-07-02 17:18:19.429  INFO 3100 --- [restartedMain] c.u.j.EncryptablePropertySourceConverter : Converting PropertySource configurationProperties [org.springframework.boot.context.properties.source.ConfigurationPropertySourcesPropertySource] to AOP Proxy
2024-07-02 17:18:19.432  INFO 3100 --- [restartedMain] c.u.j.EncryptablePropertySourceConverter : Converting PropertySource servletConfigInitParams [org.springframework.core.env.PropertySource$StubPropertySource] to EncryptablePropertySourceWrapper
2024-07-02 17:18:19.433  INFO 3100 --- [restartedMain] c.u.j.EncryptablePropertySourceConverter : Converting PropertySource servletContextInitParams [org.springframework.core.env.PropertySource$StubPropertySource] to EncryptablePropertySourceWrapper
2024-07-02 17:18:19.434  INFO 3100 --- [restartedMain] c.u.j.EncryptablePropertySourceConverter : Converting PropertySource systemProperties [org.springframework.core.env.PropertiesPropertySource] to EncryptableMapPropertySourceWrapper
2024-07-02 17:18:19.435  INFO 3100 --- [restartedMain] c.u.j.EncryptablePropertySourceConverter : Converting PropertySource systemEnvironment [org.springframework.boot.env.SystemEnvironmentPropertySourceEnvironmentPostProcessor$OriginAwareSystemEnvironmentPropertySource] to EncryptableSystemEnvironmentPropertySourceWrapper
2024-07-02 17:18:19.435  INFO 3100 --- [restartedMain] c.u.j.EncryptablePropertySourceConverter : Converting PropertySource random [org.springframework.boot.env.RandomValuePropertySource] to EncryptablePropertySourceWrapper
2024-07-02 17:18:19.435  INFO 3100 --- [restartedMain] c.u.j.EncryptablePropertySourceConverter : Converting PropertySource Config resource 'class path resource [application.properties]' via location 'optional:classpath:/' [org.springframework.boot.env.OriginTrackedMapPropertySource] to EncryptableMapPropertySourceWrapper
2024-07-02 17:18:19.435  INFO 3100 --- [restartedMain] c.u.j.EncryptablePropertySourceConverter : Converting PropertySource devtools [org.springframework.core.env.MapPropertySource] to EncryptableMapPropertySourceWrapper
2024-07-02 17:18:19.521  INFO 3100 --- [restartedMain] c.u.j.filter.DefaultLazyPropertyFilter   : Property Filter custom Bean not found with name 'encryptablePropertyFilter'. Initializing Default Property Filter
2024-07-02 17:18:19.815  INFO 3100 --- [restartedMain] c.u.j.r.DefaultLazyPropertyResolver      : Property Resolver custom Bean not found with name 'encryptablePropertyResolver'. Initializing Default Property Resolver
2024-07-02 17:18:19.820  INFO 3100 --- [restartedMain] c.u.j.d.DefaultLazyPropertyDetector      : Property Detector custom Bean not found with name 'encryptablePropertyDetector'. Initializing Default Property Detector
2024-07-02 17:18:21.136  INFO 3100 --- [restartedMain] o.s.b.w.embedded.tomcat.TomcatWebServer  : Tomcat initialized with port(s): 9105 (http)
2024-07-02 17:18:21.163  INFO 3100 --- [restartedMain] o.apache.catalina.core.StandardService   : Starting service [Tomcat]
2024-07-02 17:18:21.163  INFO 3100 --- [restartedMain] org.apache.catalina.core.StandardEngine  : Starting Servlet engine: [Apache Tomcat/9.0.53]
2024-07-02 17:18:21.337  INFO 3100 --- [restartedMain] o.a.c.c.C.[.[.[/DollerGeneralDynamicApi] : Initializing Spring embedded WebApplicationContext
2024-07-02 17:18:21.337  INFO 3100 --- [restartedMain] w.s.c.ServletWebServerApplicationContext : Root WebApplicationContext: initialization completed in 3835 ms
2024-07-02 17:18:25.183  INFO 3100 --- [restartedMain] o.s.b.d.a.OptionalLiveReloadServer       : LiveReload server is running on port 35729
2024-07-02 17:18:25.397  INFO 3100 --- [restartedMain] o.s.b.w.embedded.tomcat.TomcatWebServer  : Tomcat started on port(s): 9105 (http) with context path '/DollerGeneralDynamicApi'
2024-07-02 17:18:25.421  INFO 3100 --- [restartedMain] o.s.a.r.c.CachingConnectionFactory       : Attempting to connect to: [localhost:5672]
2024-07-02 17:18:25.635  INFO 3100 --- [restartedMain] o.s.a.r.c.CachingConnectionFactory       : Created new connection: rabbitConnectionFactory#4b584fed:0/SimpleConnection@21d719a5 [delegate=amqp://mqadmin@127.0.0.1:5672/, localPort= 53666]
2024-07-02 17:18:25.933  INFO 3100 --- [restartedMain] c.e.M.MlapirmqIntegrationApplication     : Started MlapirmqIntegrationApplication in 9.537 seconds (JVM running for 10.674)
2024-07-02 17:20:00.015  INFO 3100 --- [scheduling-1] com.emerson.api.ControllerLimit          : call realtimeDataProcessing started
2024-07-02 17:20:00.016  INFO 3100 --- [scheduling-1] c.e.service.ControllerLimitService       : services method realtimeDataProcessing started
2024-07-02 17:20:03.246  INFO 3100 --- [scheduling-1] c.e.dao.impl.ControllerLimitDaoImpl      : Get Snowflake data triggered at :Tue Jul 02 17:20:03 IST 2024
2024-07-02 17:20:03.246  INFO 3100 --- [scheduling-1] c.e.dao.impl.ControllerLimitDaoImpl      : SQL :SELECT * from CONNECT_PLUS.PUBLIC.ALARM_DATA_LOG_STAGE where delayed_flag=false AND INSERT_TIME >='2024-07-02 21:10:03' and INSERT_TIME<='2024-07-02 21:20:03' AND API_RECOMMENDATION IN ('RECOMMENDATION NOT AVAILABLE','PLACE IN PENDING','Place in Pending') AND COMMENTS NOT IN ('DAFN') AND CUSTOMER IN ('DOLLAR_GENERAL')
2024-07-02 17:28:17.708  INFO 3100 --- [Thread-6] o.s.a.r.l.SimpleMessageListenerContainer : Waiting for workers to finish.
2024-07-02 17:28:18.439  INFO 3100 --- [Thread-6] o.s.a.r.l.SimpleMessageListenerContainer : Successfully waited for workers to finish.
2024-07-02 17:28:18.447  INFO 3100 --- [Thread-6] o.s.a.r.l.SimpleMessageListenerContainer : Waiting for workers to finish.
2024-07-02 17:28:53.897  INFO 10280 --- [restartedMain] c.e.M.MlapirmqIntegrationApplication     : Starting MlapirmqIntegrationApplication using Java 1.8.0_231 on INEICP-COE-L139 with PID 10280 (C:\DATA\AlarmReduction\DollerGeneral\connectedPlusAPI\target\classes started by E1318047 in C:\DATA\AlarmReduction\DollerGeneral\connectedPlusAPI)
2024-07-02 17:28:53.905  INFO 10280 --- [restartedMain] c.e.M.MlapirmqIntegrationApplication     : No active profile set, falling back to default profiles: default
2024-07-02 17:28:54.076  INFO 10280 --- [restartedMain] .e.DevToolsPropertyDefaultsPostProcessor : Devtools property defaults active! Set 'spring.devtools.add-properties' to 'false' to disable
2024-07-02 17:28:54.077  INFO 10280 --- [restartedMain] .e.DevToolsPropertyDefaultsPostProcessor : For additional web related logging consider setting the 'logging.level.web' property to 'DEBUG'
2024-07-02 17:28:56.319  INFO 10280 --- [restartedMain] ptablePropertiesBeanFactoryPostProcessor : Post-processing PropertySource instances
2024-07-02 17:28:56.379  INFO 10280 --- [restartedMain] c.u.j.EncryptablePropertySourceConverter : Converting PropertySource configurationProperties [org.springframework.boot.context.properties.source.ConfigurationPropertySourcesPropertySource] to AOP Proxy
2024-07-02 17:28:56.384  INFO 10280 --- [restartedMain] c.u.j.EncryptablePropertySourceConverter : Converting PropertySource servletConfigInitParams [org.springframework.core.env.PropertySource$StubPropertySource] to EncryptablePropertySourceWrapper
2024-07-02 17:28:56.385  INFO 10280 --- [restartedMain] c.u.j.EncryptablePropertySourceConverter : Converting PropertySource servletContextInitParams [org.springframework.core.env.PropertySource$StubPropertySource] to EncryptablePropertySourceWrapper
2024-07-02 17:28:56.386  INFO 10280 --- [restartedMain] c.u.j.EncryptablePropertySourceConverter : Converting PropertySource systemProperties [org.springframework.core.env.PropertiesPropertySource] to EncryptableMapPropertySourceWrapper
2024-07-02 17:28:56.386  INFO 10280 --- [restartedMain] c.u.j.EncryptablePropertySourceConverter : Converting PropertySource systemEnvironment [org.springframework.boot.env.SystemEnvironmentPropertySourceEnvironmentPostProcessor$OriginAwareSystemEnvironmentPropertySource] to EncryptableSystemEnvironmentPropertySourceWrapper
2024-07-02 17:28:56.387  INFO 10280 --- [restartedMain] c.u.j.EncryptablePropertySourceConverter : Converting PropertySource random [org.springframework.boot.env.RandomValuePropertySource] to EncryptablePropertySourceWrapper
2024-07-02 17:28:56.388  INFO 10280 --- [restartedMain] c.u.j.EncryptablePropertySourceConverter : Converting PropertySource Config resource 'class path resource [application.properties]' via location 'optional:classpath:/' [org.springframework.boot.env.OriginTrackedMapPropertySource] to EncryptableMapPropertySourceWrapper
2024-07-02 17:28:56.388  INFO 10280 --- [restartedMain] c.u.j.EncryptablePropertySourceConverter : Converting PropertySource devtools [org.springframework.core.env.MapPropertySource] to EncryptableMapPropertySourceWrapper
2024-07-02 17:28:56.480  INFO 10280 --- [restartedMain] c.u.j.filter.DefaultLazyPropertyFilter   : Property Filter custom Bean not found with name 'encryptablePropertyFilter'. Initializing Default Property Filter
2024-07-02 17:28:56.751  INFO 10280 --- [restartedMain] c.u.j.r.DefaultLazyPropertyResolver      : Property Resolver custom Bean not found with name 'encryptablePropertyResolver'. Initializing Default Property Resolver
2024-07-02 17:28:56.755  INFO 10280 --- [restartedMain] c.u.j.d.DefaultLazyPropertyDetector      : Property Detector custom Bean not found with name 'encryptablePropertyDetector'. Initializing Default Property Detector
2024-07-02 17:28:57.918  INFO 10280 --- [restartedMain] o.s.b.w.embedded.tomcat.TomcatWebServer  : Tomcat initialized with port(s): 9105 (http)
2024-07-02 17:28:57.939  INFO 10280 --- [restartedMain] o.apache.catalina.core.StandardService   : Starting service [Tomcat]
2024-07-02 17:28:57.940  INFO 10280 --- [restartedMain] org.apache.catalina.core.StandardEngine  : Starting Servlet engine: [Apache Tomcat/9.0.53]
2024-07-02 17:28:58.113  INFO 10280 --- [restartedMain] o.a.c.c.C.[.[.[/DollerGeneralDynamicApi] : Initializing Spring embedded WebApplicationContext
2024-07-02 17:28:58.114  INFO 10280 --- [restartedMain] w.s.c.ServletWebServerApplicationContext : Root WebApplicationContext: initialization completed in 4031 ms
2024-07-02 17:29:02.747  INFO 10280 --- [restartedMain] o.s.b.d.a.OptionalLiveReloadServer       : LiveReload server is running on port 35729
2024-07-02 17:29:03.022  INFO 10280 --- [restartedMain] o.s.b.w.embedded.tomcat.TomcatWebServer  : Tomcat started on port(s): 9105 (http) with context path '/DollerGeneralDynamicApi'
2024-07-02 17:29:03.036  INFO 10280 --- [restartedMain] o.s.a.r.c.CachingConnectionFactory       : Attempting to connect to: [localhost:5672]
2024-07-02 17:29:03.309  INFO 10280 --- [restartedMain] o.s.a.r.c.CachingConnectionFactory       : Created new connection: rabbitConnectionFactory#a0c73a1:0/SimpleConnection@42bd0abf [delegate=amqp://mqadmin@127.0.0.1:5672/, localPort= 54680]
2024-07-02 17:29:03.696  INFO 10280 --- [restartedMain] c.e.M.MlapirmqIntegrationApplication     : Started MlapirmqIntegrationApplication in 10.712 seconds (JVM running for 11.737)
2024-07-02 17:30:00.001  INFO 10280 --- [scheduling-1] com.emerson.api.ControllerLimit          : call realtimeDataProcessing started
2024-07-02 17:30:00.005  INFO 10280 --- [scheduling-1] c.e.service.ControllerLimitService       : services method realtimeDataProcessing started
2024-07-02 17:30:06.881  INFO 10280 --- [scheduling-1] c.e.dao.impl.ControllerLimitDaoImpl      : Get Snowflake data triggered at :Tue Jul 02 17:30:06 IST 2024
2024-07-02 17:30:06.881  INFO 10280 --- [scheduling-1] c.e.dao.impl.ControllerLimitDaoImpl      : SQL :SELECT * from CONNECT_PLUS.PUBLIC.ALARM_DATA_LOG where delayed_flag=false AND INSERT_TIME >='2024-07-02 21:20:06' and INSERT_TIME<='2024-07-02 21:30:06' AND API_RECOMMENDATION IN ('RECOMMENDATION NOT AVAILABLE','PLACE IN PENDING','Place in Pending') AND COMMENTS NOT IN ('DAFN') AND CUSTOMER IN ('DOLLAR_GENERAL')
